Сборка начата 14.07.2024 23:00:44.
Уровень детализации журнала: Normal.     1>Проект "D:\labs\2semestrs\оаип\лаб.4\Project1\Project2\Project2.vcxproj" в узле 2 (целевые объекты Build).
     1>PrepareForBuild:
         Структурированный вывод включен. Форматирование диагностики компилятора будет отражать иерархию ошибок. Подробнее см. https://aka.ms/cpp/structured-output.
       InitializeBuildStatus:
         Создание "x64\Debug\Project2.tlog\unsuccessfulbuild", так как было задано "AlwaysCreate".
         Обращение к "x64\Debug\Project2.tlog\unsuccessfulbuild".
       ClCompile:
         C:\Program Files\Microsoft Visual Studio\2022\Community\VC\Tools\MSVC\14.39.33519\bin\HostX64\x64\CL.exe /c /ZI /JMC /nologo /W3 /WX- /diagnostics:column /sdl /Od /D _DEBUG /D _CONSOLE /D _UNICODE /D UNICODE /Gm- /EHsc /RTC1 /MDd /GS /fp:precise /Zc:wchar_t /Zc:forScope /Zc:inline /permissive- /Fo"x64\Debug\\" /Fd"x64\Debug\vc143.pdb" /external:W3 /Gd /TP /FC /errorReport:prompt six.cpp
         six.cpp
     1>D:\labs\2semestrs\оаип\лаб.4\Project1\Project2\six.cpp(39,6): warning C4101: dd: неиспользованная локальная переменная
       Link:
         C:\Program Files\Microsoft Visual Studio\2022\Community\VC\Tools\MSVC\14.39.33519\bin\HostX64\x64\link.exe /ERRORREPORT:PROMPT /OUT:"D:\labs\2semestrs\оаип\лаб.4\Project1\x64\Debug\Project2.exe" /INCREMENTAL /ILK:"x64\Debug\Project2.ilk" /NOLOGO kernel32.lib user32.lib gdi32.lib winspool.lib comdlg32.lib advapi32.lib shell32.lib ole32.lib oleaut32.lib uuid.lib odbc32.lib odbccp32.lib /MANIFEST /MANIFESTUAC:"level='asInvoker' uiAccess='false'" /manifest:embed /DEBUG /PDB:"D:\labs\2semestrs\оаип\лаб.4\Project1\x64\Debug\Project2.pdb" /SUBSYSTEM:CONSOLE /TLBID:1 /DYNAMICBASE /NXCOMPAT /IMPLIB:"D:\labs\2semestrs\оаип\лаб.4\Project1\x64\Debug\Project2.lib" /MACHINE:X64 x64\Debug\six.obj
         Project2.vcxproj -> D:\labs\2semestrs\оаип\лаб.4\Project1\x64\Debug\Project2.exe
       TlogCleanup:
         Следующие элементы будут удалены из tlogs, так как они были удалены из проекта или сборки: D:\лабы\2 семестр\оаип\лаб.4\Project1\Project2\six.cpp.
       FinalizeBuildStatus:
         Файл "x64\Debug\Project2.tlog\unsuccessfulbuild" удаляется.
         Обращение к "x64\Debug\Project2.tlog\Project2.lastbuildstate".
     1>Сборка проекта "D:\labs\2semestrs\оаип\лаб.4\Project1\Project2\Project2.vcxproj" завершена (целевые объекты Build).

Сборка успешно завершена.

       "D:\labs\2semestrs\оаип\лаб.4\Project1\Project2\Project2.vcxproj" (целевой объект Build ) (1) ->
       (Целевой объект ClCompile) -> 
         D:\labs\2semestrs\оаип\лаб.4\Project1\Project2\six.cpp(39,6): warning C4101: dd: неиспользованная локальная переменная

    Предупреждений: 1
    Ошибок: 0

Прошло времени 00:00:01.21
