Сборка начата 13.02.2024 1:44:21.
Уровень детализации журнала: Normal.     1>Проект "D:\лабы\2 семестр\кпо\лаб.1\dates\dates\dates.vcxproj" в узле 2 (целевые объекты Rebuild).
     1>_PrepareForClean:
         Файл "x64\Debug\dates.tlog\dates.lastbuildstate" удаляется.
       InitializeBuildStatus:
         Обращение к "x64\Debug\dates.tlog\unsuccessfulbuild".
       ClCompile:
         D:\Новая папка (2)\VC\Tools\MSVC\14.37.32822\bin\HostX64\x64\CL.exe /c /ZI /JMC /nologo /W3 /WX- /diagnostics:column /sdl /Od /D _DEBUG /D _CONSOLE /D _UNICODE /D UNICODE /Gm- /EHsc /RTC1 /MDd /GS /fp:precise /Zc:wchar_t /Zc:forScope /Zc:inline /permissive- /Fo"x64\Debug\\" /Fd"x64\Debug\vc143.pdb" /external:W3 /Gd /TP /FC /errorReport:prompt answer.cpp birthday.cpp main.cpp month_and_day.cpp parameters.cpp
         answer.cpp
         birthday.cpp
         main.cpp
         month_and_day.cpp
         parameters.cpp
         Создание кода...
       Link:
         D:\Новая папка (2)\VC\Tools\MSVC\14.37.32822\bin\HostX64\x64\link.exe /ERRORREPORT:PROMPT /OUT:"D:\лабы\2 семестр\кпо\лаб.1\dates\x64\Debug\dates.exe" /INCREMENTAL /ILK:"x64\Debug\dates.ilk" /NOLOGO kernel32.lib user32.lib gdi32.lib winspool.lib comdlg32.lib advapi32.lib shell32.lib ole32.lib oleaut32.lib uuid.lib odbc32.lib odbccp32.lib /MANIFEST /MANIFESTUAC:"level='asInvoker' uiAccess='false'" /manifest:embed /DEBUG /PDB:"D:\лабы\2 семестр\кпо\лаб.1\dates\x64\Debug\dates.pdb" /SUBSYSTEM:CONSOLE /TLBID:1 /DYNAMICBASE /NXCOMPAT /IMPLIB:"D:\лабы\2 семестр\кпо\лаб.1\dates\x64\Debug\dates.lib" /MACHINE:X64 x64\Debug\answer.obj
         x64\Debug\birthday.obj
         x64\Debug\main.obj
         x64\Debug\month_and_day.obj
         x64\Debug\parameters.obj
         dates.vcxproj -> D:\лабы\2 семестр\кпо\лаб.1\dates\x64\Debug\dates.exe
       FinalizeBuildStatus:
         Файл "x64\Debug\dates.tlog\unsuccessfulbuild" удаляется.
         Обращение к "x64\Debug\dates.tlog\dates.lastbuildstate".
     1>Сборка проекта "D:\лабы\2 семестр\кпо\лаб.1\dates\dates\dates.vcxproj" завершена (целевые объекты Rebuild).

Сборка успешно завершена.
    Предупреждений: 0
    Ошибок: 0

Прошло времени 00:00:05.63
