d:\лабы\2 семестр\кпо\лаб.1\dates\dates\debug\vc143.pdb
d:\лабы\2 семестр\кпо\лаб.1\dates\dates\debug\vc143.idb
d:\лабы\2 семестр\кпо\лаб.1\dates\dates\debug\parameters.obj
d:\лабы\2 семестр\кпо\лаб.1\dates\dates\debug\parameters.cod
d:\лабы\2 семестр\кпо\лаб.1\dates\dates\debug\month_and_day.obj
d:\лабы\2 семестр\кпо\лаб.1\dates\dates\debug\month_and_day.cod
d:\лабы\2 семестр\кпо\лаб.1\dates\dates\debug\main.obj
d:\лабы\2 семестр\кпо\лаб.1\dates\dates\debug\main.cod
d:\лабы\2 семестр\кпо\лаб.1\dates\dates\debug\birthday.obj
d:\лабы\2 семестр\кпо\лаб.1\dates\dates\debug\birthday.cod
d:\лабы\2 семестр\кпо\лаб.1\dates\dates\debug\answer.obj
d:\лабы\2 семестр\кпо\лаб.1\dates\dates\debug\answer.cod
d:\лабы\2 семестр\кпо\лаб.1\dates\debug\dates.exe
d:\лабы\2 семестр\кпо\лаб.1\dates\dates\debug\dates.ilk
d:\лабы\2 семестр\кпо\лаб.1\dates\debug\dates.pdb
d:\лабы\2 семестр\кпо\лаб.1\dates\dates\debug\dates.tlog\cl.command.1.tlog
d:\лабы\2 семестр\кпо\лаб.1\dates\dates\debug\dates.tlog\cl.items.tlog
d:\лабы\2 семестр\кпо\лаб.1\dates\dates\debug\dates.tlog\cl.read.1.tlog
d:\лабы\2 семестр\кпо\лаб.1\dates\dates\debug\dates.tlog\cl.write.1.tlog
d:\лабы\2 семестр\кпо\лаб.1\dates\dates\debug\dates.tlog\link.command.1.tlog
d:\лабы\2 семестр\кпо\лаб.1\dates\dates\debug\dates.tlog\link.read.1.tlog
d:\лабы\2 семестр\кпо\лаб.1\dates\dates\debug\dates.tlog\link.write.1.tlog
