Сборка начата 18.09.2023 19:14:48.
Уровень детализации журнала: Normal.     1>Проект "D:\лабы\лаб. 3 с++\6 вариант\6.1\6.1.vcxproj" в узле 2 (целевые объекты Build).
     1>InitializeBuildStatus:
         Обращение к "x64\Debug\6.2.tlog\unsuccessfulbuild".
       ClCompile:
         D:\Новая папка (2)\VC\Tools\MSVC\14.37.32822\bin\HostX64\x64\CL.exe /c /ZI /JMC /nologo /W3 /WX- /diagnostics:column /sdl /Od /D _DEBUG /D _CONSOLE /D _UNICODE /D UNICODE /Gm- /EHsc /RTC1 /MDd /GS /fp:precise /Zc:wchar_t /Zc:forScope /Zc:inline /permissive- /Fo"x64\Debug\\" /Fd"x64\Debug\vc143.pdb" /external:W3 /Gd /TP /FC /errorReport:prompt 2.cpp
         2.cpp
     1>D:\лабы\лаб. 3 с++\6 вариант\6.1\2.cpp(27,10): warning C4244: =: преобразование "double" в "float", возможна потеря данных
       Link:
         D:\Новая папка (2)\VC\Tools\MSVC\14.37.32822\bin\HostX64\x64\link.exe /ERRORREPORT:PROMPT /OUT:"D:\лабы\лаб. 3 с++\6 вариант\x64\Debug\6.2.exe" /INCREMENTAL /ILK:"x64\Debug\6.2.ilk" /NOLOGO kernel32.lib user32.lib gdi32.lib winspool.lib comdlg32.lib advapi32.lib shell32.lib ole32.lib oleaut32.lib uuid.lib odbc32.lib odbccp32.lib /MANIFEST /MANIFESTUAC:"level='asInvoker' uiAccess='false'" /manifest:embed /DEBUG /PDB:"D:\лабы\лаб. 3 с++\6 вариант\x64\Debug\6.2.pdb" /SUBSYSTEM:CONSOLE /TLBID:1 /DYNAMICBASE /NXCOMPAT /IMPLIB:"D:\лабы\лаб. 3 с++\6 вариант\x64\Debug\6.2.lib" /MACHINE:X64 x64\Debug\2.obj
         6.1.vcxproj -> D:\лабы\лаб. 3 с++\6 вариант\x64\Debug\6.2.exe
       FinalizeBuildStatus:
         Файл "x64\Debug\6.2.tlog\unsuccessfulbuild" удаляется.
         Обращение к "x64\Debug\6.2.tlog\6.2.lastbuildstate".
     1>Сборка проекта "D:\лабы\лаб. 3 с++\6 вариант\6.1\6.1.vcxproj" завершена (целевые объекты Build).

Сборка успешно завершена.

       "D:\лабы\лаб. 3 с++\6 вариант\6.1\6.1.vcxproj" (целевой объект Build ) (1) ->
       (Целевой объект ClCompile) -> 
         D:\лабы\лаб. 3 с++\6 вариант\6.1\2.cpp(27,10): warning C4244: =: преобразование "double" в "float", возможна потеря данных

    Предупреждений: 1
    Ошибок: 0

Прошло времени 00:00:01.81
