Сборка начата 12.12.2023 21:54:44.
Уровень детализации журнала: Normal.     1>Проект "D:\лабы\ПИ\лаб.6 ПИ\Project1\Project1\Project1.vcxproj" в узле 2 (целевые объекты Build).
     1>InitializeBuildStatus:
         Создание "x64\Debug\Project1.tlog\unsuccessfulbuild", так как было задано "AlwaysCreate".
         Обращение к "x64\Debug\Project1.tlog\unsuccessfulbuild".
       ClCompile:
         D:\Новая папка (2)\VC\Tools\MSVC\14.37.32822\bin\HostX64\x64\CL.exe /c /ZI /JMC /nologo /W3 /WX- /diagnostics:column /sdl /Od /D _DEBUG /D _CONSOLE /D _UNICODE /D UNICODE /Gm- /EHsc /RTC1 /MDd /GS /fp:precise /Zc:wchar_t /Zc:forScope /Zc:inline /permissive- /Fo"x64\Debug\\" /Fd"x64\Debug\vc143.pdb" /external:W3 /Gd /TP /FC /errorReport:prompt he.cpp Head.cpp Header.cpp Source.cpp
         he.cpp
     1>D:\лабы\ПИ\лаб.6 ПИ\Project1\Project1\he.cpp(5,6): warning C4101: y: неиспользованная локальная переменная
         Head.cpp
         Header.cpp
     1>D:\лабы\ПИ\лаб.6 ПИ\Project1\Project1\Header.cpp(5,9): warning C4101: y: неиспользованная локальная переменная
         Source.cpp
     1>D:\лабы\ПИ\лаб.6 ПИ\Project1\Project1\Source.cpp(11,9): warning C4101: y: неиспользованная локальная переменная
         Создание кода...
       Link:
         D:\Новая папка (2)\VC\Tools\MSVC\14.37.32822\bin\HostX64\x64\link.exe /ERRORREPORT:PROMPT /OUT:"D:\лабы\ПИ\лаб.6 ПИ\Project1\x64\Debug\Project1.exe" /INCREMENTAL /ILK:"x64\Debug\Project1.ilk" /NOLOGO kernel32.lib user32.lib gdi32.lib winspool.lib comdlg32.lib advapi32.lib shell32.lib ole32.lib oleaut32.lib uuid.lib odbc32.lib odbccp32.lib /MANIFEST /MANIFESTUAC:"level='asInvoker' uiAccess='false'" /manifest:embed /DEBUG /PDB:"D:\лабы\ПИ\лаб.6 ПИ\Project1\x64\Debug\Project1.pdb" /SUBSYSTEM:CONSOLE /TLBID:1 /DYNAMICBASE /NXCOMPAT /IMPLIB:"D:\лабы\ПИ\лаб.6 ПИ\Project1\x64\Debug\Project1.lib" /MACHINE:X64 x64\Debug\he.obj
         x64\Debug\Head.obj
         x64\Debug\Header.obj
         x64\Debug\Source.obj
         Project1.vcxproj -> D:\лабы\ПИ\лаб.6 ПИ\Project1\x64\Debug\Project1.exe
       TlogCleanup:
         Следующие элементы будут удалены из tlogs, так как они были удалены из проекта или сборки: D:\лабы\лаб.6 ПИ\Project1\Project1\he.cpp.
       FinalizeBuildStatus:
         Файл "x64\Debug\Project1.tlog\unsuccessfulbuild" удаляется.
         Обращение к "x64\Debug\Project1.tlog\Project1.lastbuildstate".
     1>Сборка проекта "D:\лабы\ПИ\лаб.6 ПИ\Project1\Project1\Project1.vcxproj" завершена (целевые объекты Build).

Сборка успешно завершена.

       "D:\лабы\ПИ\лаб.6 ПИ\Project1\Project1\Project1.vcxproj" (целевой объект Build ) (1) ->
       (Целевой объект ClCompile) -> 
         D:\лабы\ПИ\лаб.6 ПИ\Project1\Project1\he.cpp(5,6): warning C4101: y: неиспользованная локальная переменная
         D:\лабы\ПИ\лаб.6 ПИ\Project1\Project1\Header.cpp(5,9): warning C4101: y: неиспользованная локальная переменная
         D:\лабы\ПИ\лаб.6 ПИ\Project1\Project1\Source.cpp(11,9): warning C4101: y: неиспользованная локальная переменная

    Предупреждений: 3
    Ошибок: 0

Прошло времени 00:00:04.92
