d:\лабы\2 семестр\кпо\лаб.3\calendar\calendar\debug\vc143.pdb
d:\лабы\2 семестр\кпо\лаб.3\calendar\calendar\debug\vc143.idb
d:\лабы\2 семестр\кпо\лаб.3\calendar\calendar\debug\year.obj
d:\лабы\2 семестр\кпо\лаб.3\calendar\calendar\debug\switch.obj
d:\лабы\2 семестр\кпо\лаб.3\calendar\calendar\debug\stdafx.obj
d:\лабы\2 семестр\кпо\лаб.3\calendar\calendar\debug\star.obj
d:\лабы\2 семестр\кпо\лаб.3\calendar\calendar\debug\month_and_day.obj
d:\лабы\2 семестр\кпо\лаб.3\calendar\calendar\debug\month.obj
d:\лабы\2 семестр\кпо\лаб.3\calendar\calendar\debug\main.obj
d:\лабы\2 семестр\кпо\лаб.3\calendar\calendar\debug\leap_and_non-leap.obj
d:\лабы\2 семестр\кпо\лаб.3\calendar\calendar\debug\february.obj
d:\лабы\2 семестр\кпо\лаб.3\calendar\calendar\debug\error.obj
d:\лабы\2 семестр\кпо\лаб.3\calendar\calendar\debug\difference.obj
d:\лабы\2 семестр\кпо\лаб.3\calendar\calendar\debug\detection.obj
d:\лабы\2 семестр\кпо\лаб.3\calendar\calendar\debug\condition.obj
d:\лабы\2 семестр\кпо\лаб.3\calendar\calendar\debug\celebrations.obj
d:\лабы\2 семестр\кпо\лаб.3\calendar\debug\calendar.exe
d:\лабы\2 семестр\кпо\лаб.3\calendar\debug\calendar.pdb
d:\лабы\2 семестр\кпо\лаб.3\calendar\calendar\debug\calendar.ilk
d:\лабы\2 семестр\кпо\лаб.3\calendar\calendar\debug\calendar.tlog\cl.command.1.tlog
d:\лабы\2 семестр\кпо\лаб.3\calendar\calendar\debug\calendar.tlog\cl.items.tlog
d:\лабы\2 семестр\кпо\лаб.3\calendar\calendar\debug\calendar.tlog\cl.read.1.tlog
d:\лабы\2 семестр\кпо\лаб.3\calendar\calendar\debug\calendar.tlog\cl.write.1.tlog
d:\лабы\2 семестр\кпо\лаб.3\calendar\calendar\debug\calendar.tlog\link.command.1.tlog
d:\лабы\2 семестр\кпо\лаб.3\calendar\calendar\debug\calendar.tlog\link.read.1.tlog
d:\лабы\2 семестр\кпо\лаб.3\calendar\calendar\debug\calendar.tlog\link.secondary.1.tlog
d:\лабы\2 семестр\кпо\лаб.3\calendar\calendar\debug\calendar.tlog\link.write.1.tlog
