Сборка начата 12.02.2024 0:53:17.
Уровень детализации журнала: Normal.     1>Проект "D:\лабы\2 семестр\оаип\лаб.1\Project1\Project4\Project4.vcxproj" в узле 2 (целевые объекты Build).
     1>InitializeBuildStatus:
         Создание "x64\Debug\Project4.tlog\unsuccessfulbuild", так как было задано "AlwaysCreate".
         Обращение к "x64\Debug\Project4.tlog\unsuccessfulbuild".
       ClCompile:
         D:\Новая папка (2)\VC\Tools\MSVC\14.37.32822\bin\HostX64\x64\CL.exe /c /ZI /JMC /nologo /W3 /WX- /diagnostics:column /sdl /Od /D _DEBUG /D _CONSOLE /D _UNICODE /D UNICODE /Gm- /EHsc /RTC1 /MDd /GS /fp:precise /Zc:wchar_t /Zc:forScope /Zc:inline /permissive- /Fo"x64\Debug\\" /Fd"x64\Debug\vc143.pdb" /external:W3 /Gd /TP /FC /errorReport:prompt one.cpp
         one.cpp
     1>D:\лабы\2 семестр\оаип\лаб.1\Project1\Project4\one.cpp(14,16): warning C4305: инициализация: усечение из "double" в "float"
     1>D:\лабы\2 семестр\оаип\лаб.1\Project1\Project4\one.cpp(51,10): warning C4244: return: преобразование "double" в "float", возможна потеря данных
       Link:
         D:\Новая папка (2)\VC\Tools\MSVC\14.37.32822\bin\HostX64\x64\link.exe /ERRORREPORT:PROMPT /OUT:"D:\лабы\2 семестр\оаип\лаб.1\Project1\x64\Debug\Project4.exe" /INCREMENTAL /ILK:"x64\Debug\Project4.ilk" /NOLOGO kernel32.lib user32.lib gdi32.lib winspool.lib comdlg32.lib advapi32.lib shell32.lib ole32.lib oleaut32.lib uuid.lib odbc32.lib odbccp32.lib /MANIFEST /MANIFESTUAC:"level='asInvoker' uiAccess='false'" /manifest:embed /DEBUG /PDB:"D:\лабы\2 семестр\оаип\лаб.1\Project1\x64\Debug\Project4.pdb" /SUBSYSTEM:CONSOLE /TLBID:1 /DYNAMICBASE /NXCOMPAT /IMPLIB:"D:\лабы\2 семестр\оаип\лаб.1\Project1\x64\Debug\Project4.lib" /MACHINE:X64 x64\Debug\one.obj
         Project4.vcxproj -> D:\лабы\2 семестр\оаип\лаб.1\Project1\x64\Debug\Project4.exe
       FinalizeBuildStatus:
         Файл "x64\Debug\Project4.tlog\unsuccessfulbuild" удаляется.
         Обращение к "x64\Debug\Project4.tlog\Project4.lastbuildstate".
     1>Сборка проекта "D:\лабы\2 семестр\оаип\лаб.1\Project1\Project4\Project4.vcxproj" завершена (целевые объекты Build).

Сборка успешно завершена.

       "D:\лабы\2 семестр\оаип\лаб.1\Project1\Project4\Project4.vcxproj" (целевой объект Build ) (1) ->
       (Целевой объект ClCompile) -> 
         D:\лабы\2 семестр\оаип\лаб.1\Project1\Project4\one.cpp(14,16): warning C4305: инициализация: усечение из "double" в "float"
         D:\лабы\2 семестр\оаип\лаб.1\Project1\Project4\one.cpp(51,10): warning C4244: return: преобразование "double" в "float", возможна потеря данных

    Предупреждений: 2
    Ошибок: 0

Прошло времени 00:00:01.55
